1733328758387:help
1733328762591:exit
1733329635375:hi
1733329960815:hi muhammed
1733329971863:exit
1733330076039:hi
1733331537094:hi muhammed
1733331546676:hi -n muhammed
1733331564988:hi --name muhammed
1733331593260:help
1733331600204:hi -n muhammed
1733331606612:hi n muhammed
1733331614108:hi --n muhammed
1733331620429:hi --name muhammed
1733331622995:clear
1733331625971:as
1733331630651:exit
1733331705237:hi --n muhammed
1733331710043:hi -n muhammed
1733331747012:hi --name muhammed
1733331805900:hi -n muhammed
1733331813715:hi --n muhammed
1733331849764:hi -n muhammed
1733331890013:hi --names muhammed
1733331917836:hi --name muhammed
1733332066453:hi --name s
1733332094187:hi muhammed
1733332201676:hi
1733332205084:hi muhammed
1733332208539:hi s
1733332354765:hi -n muhammed
1733332400587:hi
1733332405834:hi --name muhammed
1733332444899:hi
1733332453932:hi --name999 muhammed
1733332478060:hi --name muhammed
1733332598980:hi -n muhammed
1733332659868:hi muhammed
1733332669442:hi -n muham
1733333052444:hi -n muhamed
1733333114700:hi -n muhammed
1733333186932:hi --name m
1733333192619:hi --name muhammed
